/*C1*/SET SCHEMA PUBLIC
CONNECT USER SA
/*C2*/SET SCHEMA PUBLIC
CONNECT USER SA
/*C3*/SET SCHEMA PUBLIC
CONNECT USER SA
/*C1*/DISCONNECT
/*C4*/SET SCHEMA PUBLIC
CONNECT USER SA
/*C5*/SET SCHEMA PUBLIC
CONNECT USER SA
/*C6*/SET SCHEMA PUBLIC
CONNECT USER SA
/*C7*/SET SCHEMA PUBLIC
CONNECT USER SA
INSERT INTO QUEUE VALUES(11,'/home/tthomas/Music/Air/Moon Safari/1 - La Femme Dargent.mp3')
INSERT INTO QUEUE VALUES(12,'/home/tthomas/Music/Air/Moon Safari/2 - Sexy Boy.mp3')
INSERT INTO QUEUE VALUES(13,'/home/tthomas/Music/Air/Moon Safari/3 - All I Need.mp3')
INSERT INTO QUEUE VALUES(14,'/home/tthomas/Music/Air/Moon Safari/4 - Kelly Watch The Stars.mp3')
INSERT INTO QUEUE VALUES(15,'/home/tthomas/Music/Air/Moon Safari/5 - Talisman.mp3')
INSERT INTO QUEUE VALUES(16,'/home/tthomas/Music/Air/Moon Safari/6 - Remember.mp3')
INSERT INTO QUEUE VALUES(17,'/home/tthomas/Music/Air/Moon Safari/7 - You Make It Easy.mp3')
INSERT INTO QUEUE VALUES(18,'/home/tthomas/Music/Air/Moon Safari/8 - Ce Matin La.mp3')
INSERT INTO QUEUE VALUES(19,'/home/tthomas/Music/Air/Moon Safari/9 - New Star In The Sky.mp3')
INSERT INTO QUEUE VALUES(20,'/home/tthomas/Music/Air/Moon Safari/10 - Le Voyage De Penelope.mp3')
/*C8*/SET SCHEMA PUBLIC
CONNECT USER SA
